<?xml version="1.0" encoding="UTF-8"?>
<!-- Generated by org.testng.reporters.JUnitXMLReporter -->
<testsuite hostname="DESKTOP-9DNLTUN" ignored="0" name="Account create tests" tests="2" failures="0" timestamp="2021-10-06T08:51:33 EEST" time="0.055" errors="0">
  <testcase name="@BeforeClass setUp" time="0.001" classname="tests.BaseTest">
    <failure type="java.lang.IllegalStateException" message="Wrong browser">
      <![CDATA[java.lang.IllegalStateException: Wrong browser
at tests.BaseTest.setUp(BaseTest.java:41)
at java.util.concurrent.ThreadPoolExecutor.runWorker(ThreadPoolExecutor.java:1149)
at java.util.concurrent.ThreadPoolExecutor$Worker.run(ThreadPoolExecutor.java:624)
at java.lang.Thread.run(Thread.java:748)
... Removed 10 stack frames]]>
    </failure>
  </testcase> <!-- @BeforeClass setUp -->
  <testcase name="@BeforeClass setUp" time="0.001" classname="tests.BaseTest">
    <failure type="java.lang.IllegalStateException" message="Wrong browser">
      <![CDATA[java.lang.IllegalStateException: Wrong browser
at tests.BaseTest.setUp(BaseTest.java:41)
at java.util.concurrent.ThreadPoolExecutor.runWorker(ThreadPoolExecutor.java:1149)
at java.util.concurrent.ThreadPoolExecutor$Worker.run(ThreadPoolExecutor.java:624)
at java.lang.Thread.run(Thread.java:748)
... Removed 10 stack frames]]>
    </failure>
  </testcase> <!-- @BeforeClass setUp -->
  <testcase name="@AfterClass quit" time="-1.633499493777E9" classname="tests.BaseTest">
    <skipped/>
  </testcase> <!-- @AfterClass quit -->
  <testcase name="@AfterClass quit" time="-1.633499493782E9" classname="tests.BaseTest">
    <skipped/>
  </testcase> <!-- @AfterClass quit -->
  <testcase name="registrationWithInvalidFirstName" time="0.0" classname="tests.RegistrationWithInvalidDataTest">
    <skipped/>
  </testcase> <!-- registrationWithInvalidFirstName -->
  <testcase name="checkThatNewAccountIsCreated" time="0.0" classname="tests.AccountCreateTest">
    <skipped/>
  </testcase> <!-- checkThatNewAccountIsCreated -->
</testsuite> <!-- Account create tests -->
