<?xml version="1.0" encoding="UTF-8"?>
<!-- Generated by org.testng.reporters.JUnitXMLReporter -->
<testsuite hostname="DESKTOP-9DNLTUN" ignored="0" name="Check actions on main page tests" tests="3" failures="0" timestamp="2021-10-06T08:51:33 EEST" time="0.799" errors="0">
  <testcase name="@BeforeClass setUp" time="0.056" classname="tests.BaseTest">
    <failure type="java.lang.IllegalStateException" message="Wrong browser">
      <![CDATA[java.lang.IllegalStateException: Wrong browser
at tests.BaseTest.setUp(BaseTest.java:41)
at java.util.concurrent.ThreadPoolExecutor.runWorker(ThreadPoolExecutor.java:1149)
at java.util.concurrent.ThreadPoolExecutor$Worker.run(ThreadPoolExecutor.java:624)
at java.lang.Thread.run(Thread.java:748)
... Removed 10 stack frames]]>
    </failure>
  </testcase> <!-- @BeforeClass setUp -->
  <testcase name="@BeforeClass setUp" time="0.046" classname="tests.BaseTest">
    <failure type="java.lang.IllegalStateException" message="Wrong browser">
      <![CDATA[java.lang.IllegalStateException: Wrong browser
at tests.BaseTest.setUp(BaseTest.java:41)
at java.util.concurrent.ThreadPoolExecutor.runWorker(ThreadPoolExecutor.java:1149)
at java.util.concurrent.ThreadPoolExecutor$Worker.run(ThreadPoolExecutor.java:624)
at java.lang.Thread.run(Thread.java:748)
... Removed 10 stack frames]]>
    </failure>
  </testcase> <!-- @BeforeClass setUp -->
  <testcase name="@AfterClass quit" time="-1.633499493601E9" classname="tests.BaseTest">
    <skipped/>
  </testcase> <!-- @AfterClass quit -->
  <testcase name="@AfterClass quit" time="-1.633499493612E9" classname="tests.BaseTest">
    <skipped/>
  </testcase> <!-- @AfterClass quit -->
  <testcase name="@BeforeClass setUp" time="0.002" classname="tests.BaseTest">
    <failure type="java.lang.IllegalStateException" message="Wrong browser">
      <![CDATA[java.lang.IllegalStateException: Wrong browser
at tests.BaseTest.setUp(BaseTest.java:41)
at java.util.concurrent.ThreadPoolExecutor.runWorker(ThreadPoolExecutor.java:1149)
at java.util.concurrent.ThreadPoolExecutor$Worker.run(ThreadPoolExecutor.java:624)
at java.lang.Thread.run(Thread.java:748)
... Removed 10 stack frames]]>
    </failure>
  </testcase> <!-- @BeforeClass setUp -->
  <testcase name="@AfterClass quit" time="-1.633499493634E9" classname="tests.BaseTest">
    <skipped/>
  </testcase> <!-- @AfterClass quit -->
  <testcase name="checkOfInscriptionsOnTheMainPage" time="0.0" classname="tests.CheckTextOnTheMainPageTest">
    <skipped/>
  </testcase> <!-- checkOfInscriptionsOnTheMainPage -->
  <testcase name="checkTheNumberOfLanguagesInSelectMenuAndExistUkraineLanguage" time="0.0" classname="tests.CheckTheNumberOfLanguagesTest">
    <skipped/>
  </testcase> <!-- checkTheNumberOfLanguagesInSelectMenuAndExistUkraineLanguage -->
  <testcase name="checkCorrectDisplayOfSubmenuItemsAfterHoveringOverTheCourseOnClothesAccessoriesAndArtMenu" time="0.0" classname="tests.CheckSubmenuElementsFromMenuLinksTest">
    <skipped/>
  </testcase> <!-- checkCorrectDisplayOfSubmenuItemsAfterHoveringOverTheCourseOnClothesAccessoriesAndArtMenu -->
</testsuite> <!-- Check actions on main page tests -->
