<?xml version="1.0" encoding="UTF-8"?>
<testsuite xmlns:xsi="http://www.w3.org/2001/XMLSchema-instance" xsi:noNamespaceSchemaLocation="https://maven.apache.org/surefire/maven-surefire-plugin/xsd/surefire-test-report-3.0.xsd" version="3.0" name="TestSuite" time="5.09" tests="24" errors="0" skipped="16" failures="8">
  <properties>
[...]
</properties>
  <testcase name="setUp" classname="tests.CheckTextOnTheMainPageTest" time="4.018">
    <failure message="Wrong browser" type="java.lang.IllegalStateException"><![CDATA[java.lang.IllegalStateException: Wrong browser
]]></failure>
  </testcase>
  <testcase name="checkOfInscriptionsOnTheMainPage" classname="tests.CheckTextOnTheMainPageTest" time="0">
    <skipped message="Wrong browser"/>
  </testcase>
  <testcase name="quit" classname="tests.CheckTextOnTheMainPageTest" time="0">
    <skipped/>
  </testcase>
  <testcase name="setUp" classname="tests.CheckTheNumberOfLanguagesTest" time="4.026">
    <failure message="Wrong browser" type="java.lang.IllegalStateException"><![CDATA[java.lang.IllegalStateException: Wrong browser
]]></failure>
  </testcase>
  <testcase name="checkTheNumberOfLanguagesInSelectMenuAndExistUkraineLanguage" classname="tests.CheckTheNumberOfLanguagesTest" time="0">
    <skipped message="Wrong browser"/>
  </testcase>
  <testcase name="quit" classname="tests.CheckTheNumberOfLanguagesTest" time="0">
    <skipped/>
  </testcase>
  <testcase name="setUp" classname="tests.CheckSubmenuElementsFromMenuLinksTest" time="0.03">
    <failure message="Wrong browser" type="java.lang.IllegalStateException"><![CDATA[java.lang.IllegalStateException: Wrong browser
]]></failure>
  </testcase>
  <testcase name="checkCorrectDisplayOfSubmenuItemsAfterHoveringOverTheCourseOnClothesAccessoriesAndArtMenu" classname="tests.CheckSubmenuElementsFromMenuLinksTest" time="0">
    <skipped message="Wrong browser"/>
  </testcase>
  <testcase name="quit" classname="tests.CheckSubmenuElementsFromMenuLinksTest" time="0">
    <skipped/>
  </testcase>
  <testcase name="setUp" classname="tests.RegistrationWithInvalidDataTest" time="0.124">
    <failure message="Wrong browser" type="java.lang.IllegalStateException"><![CDATA[java.lang.IllegalStateException: Wrong browser
]]></failure>
  </testcase>
  <testcase name="registrationWithInvalidFirstName" classname="tests.RegistrationWithInvalidDataTest" time="0">
    <skipped message="Wrong browser"/>
  </testcase>
  <testcase name="quit" classname="tests.RegistrationWithInvalidDataTest" time="0">
    <skipped/>
  </testcase>
  <testcase name="setUp" classname="tests.AccountCreateTest" time="0.004">
    <failure message="Wrong browser" type="java.lang.IllegalStateException"><![CDATA[java.lang.IllegalStateException: Wrong browser
]]></failure>
  </testcase>
  <testcase name="checkThatNewAccountIsCreated" classname="tests.AccountCreateTest" time="0">
    <skipped message="Wrong browser"/>
  </testcase>
  <testcase name="quit" classname="tests.AccountCreateTest" time="0">
    <skipped/>
  </testcase>
  <testcase name="setUp" classname="tests.PriceDropCheckTest" time="0.057">
    <failure message="Wrong browser" type="java.lang.IllegalStateException"><![CDATA[java.lang.IllegalStateException: Wrong browser
]]></failure>
  </testcase>
  <testcase name="checkThatEveryProductHasOldAndNewPriceAndPromoPriceCalculatesCorrect" classname="tests.PriceDropCheckTest" time="0">
    <skipped message="Wrong browser"/>
  </testcase>
  <testcase name="quit" classname="tests.PriceDropCheckTest" time="0">
    <skipped/>
  </testcase>
  <testcase name="setUp" classname="tests.CheckPopularProductsTest" time="0.004">
    <failure message="Wrong browser" type="java.lang.IllegalStateException"><![CDATA[java.lang.IllegalStateException: Wrong browser
]]></failure>
  </testcase>
  <testcase name="checkThatEveryProductHasNameAndPriceBiggerThanZero" classname="tests.CheckPopularProductsTest" time="0">
    <skipped message="Wrong browser"/>
  </testcase>
  <testcase name="quit" classname="tests.CheckPopularProductsTest" time="0">
    <skipped/>
  </testcase>
  <testcase name="setUp" classname="tests.SortingCheckTest" time="0.021">
    <failure message="Wrong browser" type="java.lang.IllegalStateException"><![CDATA[java.lang.IllegalStateException: Wrong browser
]]></failure>
  </testcase>
  <testcase name="checkTheCorrectSortByNameAndByPriceTest" classname="tests.SortingCheckTest" time="0">
    <skipped message="Wrong browser"/>
  </testcase>
  <testcase name="quit" classname="tests.SortingCheckTest" time="0">
    <skipped/>
  </testcase>
</testsuite>